{"contracts/Raffle.sol":{"l":{"57":3,"58":3,"59":3,"60":3,"61":3,"62":3,"63":3,"64":3,"68":3,"69":1,"71":2,"72":0,"74":2,"75":2,"97":1,"98":1,"99":1,"100":1,"101":1,"102":1,"108":1,"109":1,"110":1,"116":0,"117":0,"124":0,"131":0,"132":0,"133":0,"134":0,"135":0,"136":0,"137":0,"138":0,"139":0,"141":0,"147":5,"151":1,"155":0,"159":5,"163":1,"167":0,"171":0,"175":0,"179":0},"path":"/home/chris/programming/hardhat/hardhat-lottery-fcc/contracts/Raffle.sol","s":{"1":3,"2":3,"3":3,"4":3,"5":3,"6":3,"7":3,"8":3,"9":3,"10":2,"11":2,"12":2,"13":1,"14":1,"15":1,"16":1,"17":1,"18":1,"19":1,"20":1,"21":0,"22":0,"23":0,"24":0,"25":0,"26":0,"27":0,"28":0,"29":0,"30":0,"31":0,"32":0,"33":5,"34":1,"35":0,"36":5,"37":1,"38":0,"39":0,"40":0,"41":0},"b":{"1":[1,2],"2":[0,2],"3":[1,0],"4":[0,0]},"f":{"1":3,"2":3,"3":1,"4":1,"5":0,"6":5,"7":1,"8":0,"9":5,"10":1,"11":0,"12":0,"13":0,"14":0},"fnMap":{"1":{"name":"constructor","line":56,"loc":{"start":{"line":49,"column":4},"end":{"line":65,"column":4}}},"2":{"name":"enterRaffle","line":67,"loc":{"start":{"line":67,"column":4},"end":{"line":76,"column":4}}},"3":{"name":"checkUpkeep","line":87,"loc":{"start":{"line":87,"column":4},"end":{"line":103,"column":4}}},"4":{"name":"performUpkeep","line":105,"loc":{"start":{"line":105,"column":4},"end":{"line":125,"column":4}}},"5":{"name":"fulfillRandomWords","line":127,"loc":{"start":{"line":127,"column":4},"end":{"line":142,"column":4}}},"6":{"name":"getEntranceFee","line":146,"loc":{"start":{"line":146,"column":4},"end":{"line":148,"column":4}}},"7":{"name":"getPlayer","line":150,"loc":{"start":{"line":150,"column":4},"end":{"line":152,"column":4}}},"8":{"name":"getRecentWinner","line":154,"loc":{"start":{"line":154,"column":4},"end":{"line":156,"column":4}}},"9":{"name":"getInterval","line":158,"loc":{"start":{"line":158,"column":4},"end":{"line":160,"column":4}}},"10":{"name":"getRaffleState","line":162,"loc":{"start":{"line":162,"column":4},"end":{"line":164,"column":4}}},"11":{"name":"getNumWords","line":166,"loc":{"start":{"line":166,"column":4},"end":{"line":168,"column":4}}},"12":{"name":"getNumberOfPlayers","line":170,"loc":{"start":{"line":170,"column":4},"end":{"line":172,"column":4}}},"13":{"name":"getLatestTimeStamp","line":174,"loc":{"start":{"line":174,"column":4},"end":{"line":176,"column":4}}},"14":{"name":"getRequestConfirmations","line":178,"loc":{"start":{"line":178,"column":4},"end":{"line":180,"column":4}}}},"statementMap":{"1":{"start":{"line":57,"column":8},"end":{"line":57,"column":34}},"2":{"start":{"line":58,"column":8},"end":{"line":58,"column":69}},"3":{"start":{"line":59,"column":8},"end":{"line":59,"column":26}},"4":{"start":{"line":60,"column":8},"end":{"line":60,"column":40}},"5":{"start":{"line":61,"column":8},"end":{"line":61,"column":44}},"6":{"start":{"line":62,"column":8},"end":{"line":62,"column":39}},"7":{"start":{"line":63,"column":8},"end":{"line":63,"column":40}},"8":{"start":{"line":64,"column":8},"end":{"line":64,"column":28}},"9":{"start":{"line":68,"column":8},"end":{"line":68,"column":2279}},"10":{"start":{"line":71,"column":8},"end":{"line":71,"column":2380}},"11":{"start":{"line":74,"column":8},"end":{"line":74,"column":42}},"12":{"start":{"line":75,"column":8},"end":{"line":75,"column":36}},"13":{"start":{"line":97,"column":8},"end":{"line":97,"column":57}},"14":{"start":{"line":98,"column":8},"end":{"line":98,"column":76}},"15":{"start":{"line":99,"column":8},"end":{"line":99,"column":48}},"16":{"start":{"line":100,"column":8},"end":{"line":100,"column":65}},"17":{"start":{"line":101,"column":8},"end":{"line":101,"column":72}},"18":{"start":{"line":102,"column":8},"end":{"line":102,"column":36}},"19":{"start":{"line":108,"column":8},"end":{"line":108,"column":47}},"20":{"start":{"line":109,"column":8},"end":{"line":109,"column":3705}},"21":{"start":{"line":116,"column":8},"end":{"line":116,"column":46}},"22":{"start":{"line":117,"column":8},"end":{"line":117,"column":3965}},"23":{"start":{"line":124,"column":8},"end":{"line":124,"column":45}},"24":{"start":{"line":131,"column":8},"end":{"line":131,"column":65}},"25":{"start":{"line":132,"column":8},"end":{"line":132,"column":63}},"26":{"start":{"line":133,"column":8},"end":{"line":133,"column":36}},"27":{"start":{"line":134,"column":8},"end":{"line":134,"column":39}},"28":{"start":{"line":135,"column":8},"end":{"line":135,"column":43}},"29":{"start":{"line":136,"column":8},"end":{"line":136,"column":40}},"30":{"start":{"line":137,"column":8},"end":{"line":137,"column":78}},"31":{"start":{"line":138,"column":8},"end":{"line":138,"column":4745}},"32":{"start":{"line":141,"column":8},"end":{"line":141,"column":39}},"33":{"start":{"line":147,"column":8},"end":{"line":147,"column":28}},"34":{"start":{"line":151,"column":8},"end":{"line":151,"column":31}},"35":{"start":{"line":155,"column":8},"end":{"line":155,"column":29}},"36":{"start":{"line":159,"column":8},"end":{"line":159,"column":25}},"37":{"start":{"line":163,"column":8},"end":{"line":163,"column":28}},"38":{"start":{"line":167,"column":8},"end":{"line":167,"column":24}},"39":{"start":{"line":171,"column":8},"end":{"line":171,"column":31}},"40":{"start":{"line":175,"column":8},"end":{"line":175,"column":30}},"41":{"start":{"line":179,"column":8},"end":{"line":179,"column":36}}},"branchMap":{"1":{"line":68,"type":"if","locations":[{"start":{"line":68,"column":8},"end":{"line":68,"column":8}},{"start":{"line":68,"column":8},"end":{"line":68,"column":8}}]},"2":{"line":71,"type":"if","locations":[{"start":{"line":71,"column":8},"end":{"line":71,"column":8}},{"start":{"line":71,"column":8},"end":{"line":71,"column":8}}]},"3":{"line":109,"type":"if","locations":[{"start":{"line":109,"column":8},"end":{"line":109,"column":8}},{"start":{"line":109,"column":8},"end":{"line":109,"column":8}}]},"4":{"line":138,"type":"if","locations":[{"start":{"line":138,"column":8},"end":{"line":138,"column":8}},{"start":{"line":138,"column":8},"end":{"line":138,"column":8}}]}}},"contracts/test/VRFCoordinatorV2Mock.sol":{"l":{},"path":"/home/chris/programming/hardhat/hardhat-lottery-fcc/contracts/test/VRFCoordinatorV2Mock.sol","s":{},"b":{},"f":{},"fnMap":{},"statementMap":{},"branchMap":{}}}