TN:
SF:/home/chris/programming/hardhat/hardhat-lottery-fcc/contracts/Raffle.sol
FN:56,constructor
FN:67,enterRaffle
FN:87,checkUpkeep
FN:105,performUpkeep
FN:127,fulfillRandomWords
FN:146,getEntranceFee
FN:150,getPlayer
FN:154,getRecentWinner
FN:158,getInterval
FN:162,getRaffleState
FN:166,getNumWords
FN:170,getNumberOfPlayers
FN:174,getLatestTimeStamp
FN:178,getRequestConfirmations
FNF:14
FNH:8
FNDA:3,constructor
FNDA:3,enterRaffle
FNDA:1,checkUpkeep
FNDA:1,performUpkeep
FNDA:0,fulfillRandomWords
FNDA:5,getEntranceFee
FNDA:1,getPlayer
FNDA:0,getRecentWinner
FNDA:5,getInterval
FNDA:1,getRaffleState
FNDA:0,getNumWords
FNDA:0,getNumberOfPlayers
FNDA:0,getLatestTimeStamp
FNDA:0,getRequestConfirmations
DA:57,3
DA:58,3
DA:59,3
DA:60,3
DA:61,3
DA:62,3
DA:63,3
DA:64,3
DA:68,3
DA:69,1
DA:71,2
DA:72,0
DA:74,2
DA:75,2
DA:97,1
DA:98,1
DA:99,1
DA:100,1
DA:101,1
DA:102,1
DA:108,1
DA:109,1
DA:110,1
DA:116,0
DA:117,0
DA:124,0
DA:131,0
DA:132,0
DA:133,0
DA:134,0
DA:135,0
DA:136,0
DA:137,0
DA:138,0
DA:139,0
DA:141,0
DA:147,5
DA:151,1
DA:155,0
DA:159,5
DA:163,1
DA:167,0
DA:171,0
DA:175,0
DA:179,0
LF:45
LH:26
BRDA:68,1,0,1
BRDA:68,1,1,2
BRDA:71,2,0,0
BRDA:71,2,1,2
BRDA:109,3,0,1
BRDA:109,3,1,0
BRDA:138,4,0,0
BRDA:138,4,1,0
BRF:8
BRH:4
end_of_record
TN:
SF:/home/chris/programming/hardhat/hardhat-lottery-fcc/contracts/test/VRFCoordinatorV2Mock.sol
FNF:0
FNH:0
LF:0
LH:0
BRF:0
BRH:0
end_of_record
